{
  "RSpec": {
    "coverage": {
      "/Users/bevis/Workspaces/beviz/pair-switcher/config/environment.rb": {
        "lines": [
          null,
          1,
          null,
          null,
          1
        ]
      },
      "/Users/bevis/Workspaces/beviz/pair-switcher/config/application.rb": {
        "lines": [
          1,
          null,
          1,
          null,
          null,
          null,
          1,
          null,
          1,
          1,
          null,
          1,
          null,
          null,
          1,
          null,
          null,
          null,
          null,
          null,
          null,
          null
        ]
      },
      "/Users/bevis/Workspaces/beviz/pair-switcher/config/boot.rb": {
        "lines": [
          1,
          null,
          1,
          1
        ]
      },
      "/Users/bevis/Workspaces/beviz/pair-switcher/config/environments/test.rb": {
        "lines": [
          null,
          null,
          null,
          null,
          null,
          1,
          null,
          null,
          1,
          null,
          null,
          null,
          null,
          1,
          null,
          null,
          1,
          1,
          null,
          null,
          null,
          null,
          1,
          1,
          1,
          null,
          null,
          1,
          null,
          null,
          1,
          null,
          null,
          1,
          null,
          1,
          null,
          null,
          null,
          null,
          1,
          null,
          null,
          1,
          null,
          null,
          null,
          null
        ]
      },
      "/Users/bevis/Workspaces/beviz/pair-switcher/config/initializers/application_controller_renderer.rb": {
        "lines": [
          null,
          null,
          null,
          null,
          null,
          null,
          null,
          null
        ]
      },
      "/Users/bevis/Workspaces/beviz/pair-switcher/config/initializers/assets.rb": {
        "lines": [
          null,
          null,
          null,
          1,
          null,
          null,
          null,
          null,
          1,
          null,
          null,
          null,
          null,
          null
        ]
      },
      "/Users/bevis/Workspaces/beviz/pair-switcher/config/initializers/backtrace_silencers.rb": {
        "lines": [
          null,
          null,
          null,
          null,
          null,
          null,
          null
        ]
      },
      "/Users/bevis/Workspaces/beviz/pair-switcher/config/initializers/content_security_policy.rb": {
        "lines": [
          null,
          null,
          null,
          null,
          null,
          null,
          null,
          null,
          null,
          null,
          null,
          null,
          null,
          null,
          null,
          null,
          null,
          null,
          null,
          null,
          null,
          null,
          null,
          null,
          null,
          null,
          null,
          null,
          null,
          null
        ]
      },
      "/Users/bevis/Workspaces/beviz/pair-switcher/config/initializers/cookies_serializer.rb": {
        "lines": [
          null,
          null,
          null,
          null,
          1
        ]
      },
      "/Users/bevis/Workspaces/beviz/pair-switcher/config/initializers/filter_parameter_logging.rb": {
        "lines": [
          null,
          null,
          null,
          1
        ]
      },
      "/Users/bevis/Workspaces/beviz/pair-switcher/config/initializers/inflections.rb": {
        "lines": [
          null,
          null,
          null,
          null,
          null,
          null,
          null,
          null,
          null,
          null,
          null,
          null,
          null,
          null,
          null,
          null
        ]
      },
      "/Users/bevis/Workspaces/beviz/pair-switcher/config/initializers/mime_types.rb": {
        "lines": [
          null,
          null,
          null,
          null
        ]
      },
      "/Users/bevis/Workspaces/beviz/pair-switcher/config/initializers/wrap_parameters.rb": {
        "lines": [
          null,
          null,
          null,
          null,
          null,
          null,
          1,
          2,
          null,
          null,
          null,
          null,
          null,
          null
        ]
      },
      "/Users/bevis/Workspaces/beviz/pair-switcher/test/factories/pair_histories.rb": {
        "lines": [
          1,
          1,
          24,
          null,
          null
        ]
      },
      "/Users/bevis/Workspaces/beviz/pair-switcher/spec/factories/members.rb": {
        "lines": [
          1,
          1,
          39,
          null,
          1,
          2,
          null,
          null,
          null
        ]
      },
      "/Users/bevis/Workspaces/beviz/pair-switcher/spec/factories/teams.rb": {
        "lines": [
          1,
          1,
          12,
          null,
          null
        ]
      },
      "/Users/bevis/Workspaces/beviz/pair-switcher/config/routes.rb": {
        "lines": [
          1,
          1,
          null,
          1,
          1,
          null,
          1,
          1,
          null,
          null,
          null,
          null,
          null
        ]
      },
      "/Users/bevis/Workspaces/beviz/pair-switcher/app/helpers/application_helper.rb": {
        "lines": [
          1,
          null
        ]
      },
      "/Users/bevis/Workspaces/beviz/pair-switcher/app/helpers/members_helper.rb": {
        "lines": [
          1,
          null
        ]
      },
      "/Users/bevis/Workspaces/beviz/pair-switcher/app/helpers/welcome_helper.rb": {
        "lines": [
          1,
          null
        ]
      },
      "/Users/bevis/Workspaces/beviz/pair-switcher/app/controllers/members_controller.rb": {
        "lines": [
          1,
          1,
          1,
          null,
          1,
          1,
          1,
          null,
          null,
          1,
          null,
          null,
          1,
          1,
          1,
          null,
          null,
          1,
          1,
          1,
          null,
          null,
          1,
          1,
          1,
          null,
          null,
          1,
          null,
          1,
          1,
          null,
          null
        ]
      },
      "/Users/bevis/Workspaces/beviz/pair-switcher/app/controllers/application_controller.rb": {
        "lines": [
          1,
          null,
          1,
          1,
          1,
          null,
          1,
          20,
          null,
          null
        ]
      },
      "/Users/bevis/Workspaces/beviz/pair-switcher/lib/application_responder.rb": {
        "lines": [
          1,
          1,
          1,
          null,
          null,
          null,
          null,
          null
        ]
      },
      "/Users/bevis/Workspaces/beviz/pair-switcher/spec/controllers/teams_controller_spec.rb": {
        "lines": [
          1,
          null,
          1,
          1,
          2,
          2,
          2,
          2,
          null,
          null,
          1,
          2,
          2,
          null,
          null,
          1,
          2,
          2,
          1,
          null,
          null,
          1,
          2,
          2,
          2,
          2,
          null,
          null,
          1,
          3,
          3,
          null,
          1,
          2,
          2,
          2,
          2,
          null,
          null,
          1,
          2,
          null,
          null,
          null
        ]
      },
      "/Users/bevis/Workspaces/beviz/pair-switcher/app/controllers/teams_controller.rb": {
        "lines": [
          1,
          1,
          null,
          1,
          null,
          null,
          1,
          null,
          null,
          1,
          1,
          1,
          null,
          null,
          1,
          null,
          1,
          1,
          null,
          0,
          null,
          1,
          null,
          null,
          1,
          2,
          1,
          null,
          1,
          null,
          null,
          2,
          null,
          null
        ]
      },
      "/Users/bevis/Workspaces/beviz/pair-switcher/spec/models/assigner_spec.rb": {
        "lines": [
          1,
          null,
          1,
          3,
          null,
          1,
          3,
          null,
          1,
          2,
          2,
          1,
          null,
          null,
          1,
          2,
          1,
          1,
          1,
          10,
          10,
          10,
          null,
          null,
          1,
          1,
          1,
          1,
          10,
          10,
          10,
          null,
          null,
          null,
          null,
          null
        ]
      },
      "/Users/bevis/Workspaces/beviz/pair-switcher/app/models/assigner.rb": {
        "lines": [
          1,
          1,
          3,
          3,
          null,
          3,
          14,
          null,
          14,
          124,
          null,
          14,
          0,
          0,
          0,
          null,
          null,
          14,
          14,
          null,
          null,
          3,
          null,
          null,
          1,
          1,
          1,
          null,
          1,
          1,
          1,
          null,
          null,
          null,
          null
        ]
      },
      "/Users/bevis/Workspaces/beviz/pair-switcher/spec/models/team_spec.rb": {
        "lines": [
          1,
          null,
          1,
          1,
          null
        ]
      },
      "/Users/bevis/Workspaces/beviz/pair-switcher/app/models/team.rb": {
        "lines": [
          1,
          1,
          null,
          1,
          1,
          null,
          1,
          14,
          null,
          null
        ]
      },
      "/Users/bevis/Workspaces/beviz/pair-switcher/app/models/application_record.rb": {
        "lines": [
          1,
          1,
          null
        ]
      },
      "/Users/bevis/Workspaces/beviz/pair-switcher/app/models/member.rb": {
        "lines": [
          1,
          4,
          2,
          1,
          null,
          2,
          1,
          1,
          null,
          1,
          null,
          2,
          2,
          2,
          2,
          null,
          1,
          1,
          null,
          null,
          1,
          1,
          null,
          null,
          1,
          2,
          null,
          null
        ]
      },
      "/Users/bevis/Workspaces/beviz/pair-switcher/app/models/pair_history.rb": {
        "lines": [
          1,
          1,
          1,
          null,
          1,
          null,
          33,
          null,
          1,
          24,
          null,
          null,
          1,
          1,
          1,
          null,
          null,
          1,
          1,
          null,
          null,
          1,
          2,
          null,
          1,
          1,
          null,
          null
        ]
      },
      "/Users/bevis/Workspaces/beviz/pair-switcher/app/models/ability.rb": {
        "lines": [
          null,
          null,
          1,
          1,
          null,
          1,
          11,
          null,
          null,
          null,
          null,
          null,
          null,
          null,
          null,
          null,
          null,
          null,
          null,
          null,
          null,
          null,
          null,
          null,
          null,
          null,
          null,
          null,
          null,
          null,
          null,
          null,
          null,
          null,
          null
        ]
      }
    },
    "timestamp": 1586696315
  }
}
